<?xml version="1.0" encoding="UTF-8"?>
<!-- Generated by org.testng.reporters.JUnitReportReporter -->
<testsuite skipped="0" hostname="INDIA-PraveenSN" name="Test.CucumberTest" tests="1" failures="0" timestamp="2019-12-23T15:14:49 IST" time="0.228" errors="1">
  <testcase name="runScenario" time="0.228" classname="Test.CucumberTest">
    <error type="java.lang.NullPointerException">
      <![CDATA[java.lang.NullPointerException
at methods.Ebaymethods.searchModelByCategory(Ebaymethods.java:10)
at ✽.Search model by category(file:src/test/java/Feature/ebay.feature:3)
]]>
    </error>
  </testcase> <!-- runScenario -->
</testsuite> <!-- Test.CucumberTest -->
