<?xml version="1.0" encoding="UTF-8"?>
<testng-results skipped="0" failed="0" ignored="0" total="1" passed="1">
  <reporter-output>
  </reporter-output>
  <suite name="Default suite" duration-ms="39112" started-at="2020-01-10T16:07:26 IST" finished-at="2020-01-10T16:08:06 IST">
    <groups>
    </groups>
    <test name="Default test" duration-ms="39112" started-at="2020-01-10T16:07:26 IST" finished-at="2020-01-10T16:08:06 IST">
      <class name="testcase.TC_002FlipKart">
        <test-method status="PASS" signature="main()[pri:0, instance:testcase.TC_002FlipKart@5a8806ef]" name="main" is-config="true" duration-ms="14254" started-at="2020-01-10T16:07:27 IST" finished-at="2020-01-10T16:07:41 IST">
          <reporter-output>
          </reporter-output>
        </test-method> <!-- main -->
        <test-method status="PASS" signature="searchResult()[pri:0, instance:testcase.TC_002FlipKart@5a8806ef]" name="searchResult" duration-ms="18292" started-at="2020-01-10T16:07:41 IST" finished-at="2020-01-10T16:07:59 IST">
          <reporter-output>
          </reporter-output>
        </test-method> <!-- searchResult -->
        <test-method status="PASS" signature="windowClose()[pri:0, instance:testcase.TC_002FlipKart@5a8806ef]" name="windowClose" is-config="true" duration-ms="6513" started-at="2020-01-10T16:07:59 IST" finished-at="2020-01-10T16:08:06 IST">
          <reporter-output>
          </reporter-output>
        </test-method> <!-- windowClose -->
      </class> <!-- testcase.TC_002FlipKart -->
    </test> <!-- Default test -->
  </suite> <!-- Default suite -->
</testng-results>
