<?xml version="1.0" encoding="UTF-8"?>
<testng-results skipped="0" failed="0" ignored="0" total="1" passed="1">
  <reporter-output>
  </reporter-output>
  <suite name="Default suite" duration-ms="39901" started-at="2020-01-16T15:42:51 IST" finished-at="2020-01-16T15:43:31 IST">
    <groups>
    </groups>
    <test name="Default test" duration-ms="39901" started-at="2020-01-16T15:42:51 IST" finished-at="2020-01-16T15:43:31 IST">
      <class name="testcase.TC_003FlipKart">
        <test-method status="PASS" signature="main()[pri:0, instance:testcase.TC_003FlipKart@5a8806ef]" name="main" is-config="true" duration-ms="13724" started-at="2020-01-16T15:42:51 IST" finished-at="2020-01-16T15:43:05 IST">
          <reporter-output>
          </reporter-output>
        </test-method> <!-- main -->
        <test-method status="PASS" signature="searchResult()[pri:0, instance:testcase.TC_003FlipKart@5a8806ef]" name="searchResult" duration-ms="19613" started-at="2020-01-16T15:43:05 IST" finished-at="2020-01-16T15:43:25 IST">
          <reporter-output>
          </reporter-output>
        </test-method> <!-- searchResult -->
        <test-method status="PASS" signature="windowClose()[pri:0, instance:testcase.TC_003FlipKart@5a8806ef]" name="windowClose" is-config="true" duration-ms="6513" started-at="2020-01-16T15:43:25 IST" finished-at="2020-01-16T15:43:31 IST">
          <reporter-output>
          </reporter-output>
        </test-method> <!-- windowClose -->
      </class> <!-- testcase.TC_003FlipKart -->
    </test> <!-- Default test -->
  </suite> <!-- Default suite -->
</testng-results>
